Flutter crash report; please file at https://github.com/flutter/flutter/issues.

## command

flutter --no-color run --machine --track-widget-creation --device-id=84613B4C-A51F-49E7-BAD5-99876396CA9E lib/main.dart

## exception

HttpException: HttpException: , uri = https://storage.googleapis.com/flutter_infra/flutter/919e3532368fa1924614272b8dc88874c603fcff/ios/artifacts.zip

```
#0      _attempt (package:flutter_tools/src/base/net.dart:71:39)
<asynchronous suspension>
#1      fetchUrl (package:flutter_tools/src/base/net.dart:22:36)
<asynchronous suspension>
#2      _downloadFile (package:flutter_tools/src/cache.dart:928:37)
<asynchronous suspension>
#3      CachedArtifact._downloadArchive.<anonymous closure> (package:flutter_tools/src/cache.dart:404:17)
<asynchronous suspension>
#4      CachedArtifact._withDownloadFile (package:flutter_tools/src/cache.dart:433:26)
<asynchronous suspension>
#5      CachedArtifact._downloadArchive (package:flutter_tools/src/cache.dart:400:12)
#6      CachedArtifact._downloadZipArchive (package:flutter_tools/src/cache.dart:420:12)
#7      EngineCachedArtifact.updateInner (package:flutter_tools/src/cache.dart:567:13)
<asynchronous suspension>
#8      CachedArtifact.update (package:flutter_tools/src/cache.dart:363:11)
<asynchronous suspension>
#9      Cache.updateAll (package:flutter_tools/src/cache.dart:287:26)
<asynchronous suspension>
#10     FlutterCommand.verifyThenRunCommand (package:flutter_tools/src/runner/flutter_command.dart:466:19)
<asynchronous suspension>
#11     FlutterCommand.run.<anonymous closure> (package:flutter_tools/src/runner/flutter_command.dart:383:33)
<asynchronous suspension>
#12     AppContext.run.<anonymous closure> (package:flutter_tools/src/base/context.dart:154:29)
<asynchronous suspension>
#13     _rootRun (dart:async/zone.dart:1124:13)
#14     _CustomZone.run (dart:async/zone.dart:1021:19)
#15     _runZoned (dart:async/zone.dart:1516:10)
#16     runZoned (dart:async/zone.dart:1463:12)
#17     AppContext.run (package:flutter_tools/src/base/context.dart:153:18)
<asynchronous suspension>
#18     FlutterCommand.run (package:flutter_tools/src/runner/flutter_command.dart:375:20)
#19     CommandRunner.runCommand (package:args/command_runner.dart:197:27)
<asynchronous suspension>
#20     FlutterCommandRunner.runCommand.<anonymous closure> (package:flutter_tools/src/runner/flutter_command_runner.dart:396:21)
<asynchronous suspension>
#21     AppContext.run.<anonymous closure> (package:flutter_tools/src/base/context.dart:154:29)
<asynchronous suspension>
#22     _rootRun (dart:async/zone.dart:1124:13)
#23     _CustomZone.run (dart:async/zone.dart:1021:19)
#24     _runZoned (dart:async/zone.dart:1516:10)
#25     runZoned (dart:async/zone.dart:1463:12)
#26     AppContext.run (package:flutter_tools/src/base/context.dart:153:18)
<asynchronous suspension>
#27     FlutterCommandRunner.runCommand (package:flutter_tools/src/runner/flutter_command_runner.dart:356:19)
<asynchronous suspension>
#28     CommandRunner.run.<anonymous closure> (package:args/command_runner.dart:112:25)
#29     new Future.sync (dart:async/future.dart:224:31)
#30     CommandRunner.run (package:args/command_runner.dart:112:14)
#31     FlutterCommandRunner.run (package:flutter_tools/src/runner/flutter_command_runner.dart:242:18)
#32     run.<anonymous closure>.<anonymous closure> (package:flutter_tools/runner.dart:62:22)
<asynchronous suspension>
#33     _rootRun (dart:async/zone.dart:1124:13)
#34     _CustomZone.run (dart:async/zone.dart:1021:19)
#35     _runZoned (dart:async/zone.dart:1516:10)
#36     runZoned (dart:async/zone.dart:1500:12)
#37     run.<anonymous closure> (package:flutter_tools/runner.dart:60:18)
<asynchronous suspension>
#38     AppContext.run.<anonymous closure> (package:flutter_tools/src/base/context.dart:154:29)
<asynchronous suspension>
#39     _rootRun (dart:async/zone.dart:1124:13)
#40     _CustomZone.run (dart:async/zone.dart:1021:19)
#41     _runZoned (dart:async/zone.dart:1516:10)
#42     runZoned (dart:async/zone.dart:1463:12)
#43     AppContext.run (package:flutter_tools/src/base/context.dart:153:18)
<asynchronous suspension>
#44     runInContext (package:flutter_tools/src/context_runner.dart:57:24)
<asynchronous suspension>
#45     run (package:flutter_tools/runner.dart:51:10)
#46     main (package:flutter_tools/executable.dart:63:9)
<asynchronous suspension>
#47     main (file:///Users/mac/Desktop/flutter/packages/flutter_tools/bin/flutter_tools.dart:8:3)
#48     _startIsolate.<anonymous closure> (dart:isolate-patch/isolate_patch.dart:303:32)
#49     _RawReceivePortImpl._handleMessage (dart:isolate-patch/isolate_patch.dart:172:12)
```

## flutter doctor

```
[✓] Flutter (Channel master, v1.8.2-pre.33, on Mac OS X 10.14.5 18F132, locale zh-Hans-CN)
    • Flutter version 1.8.2-pre.33 at /Users/mac/Desktop/flutter
    • Framework revision e3ee5c6bbb (3 days ago), 2019-07-13 16:02:09 -0700
    • Engine revision 919e353236
    • Dart version 2.5.0 (build 2.5.0-dev.1.0 24725a8559)

[✓] Android toolchain - develop for Android devices (Android SDK version 29.0.1)
    • Android SDK at /Users/mac/Library/Android/sdk
    • Android NDK location not configured (optional; useful for native profiling support)
    • Platform android-29, build-tools 29.0.1
    • Java binary at: /Applications/Android Studio.app/Contents/jre/jdk/Contents/Home/bin/java
    • Java version OpenJDK Runtime Environment (build 1.8.0_152-release-1343-b01)
    • All Android licenses accepted.

[✓] Xcode - develop for iOS and macOS (Xcode 10.2.1)
    • Xcode at /Applications/Xcode.app/Contents/Developer
    • Xcode 10.2.1, Build version 10E1001
    • CocoaPods version 1.7.4

[!] iOS tools - develop for iOS devices
    ✗ Verify that all connected devices have been paired with this computer in Xcode.
      If all devices have been paired, libimobiledevice and ideviceinstaller may require updating.
      To update with Brew, run:
        brew update
        brew uninstall --ignore-dependencies libimobiledevice
        brew uninstall --ignore-dependencies usbmuxd
        brew install --HEAD usbmuxd
        brew unlink usbmuxd
        brew link usbmuxd
        brew install --HEAD libimobiledevice
        brew install ideviceinstaller
    • ios-deploy 1.9.4

[✗] Chrome - develop for the web (Cannot find chrome executable at /Applications/Google Chrome.app/Contents/MacOS/Google Chrome)
    ! CHROME_EXECUTABLE not set

[✓] Android Studio (version 3.4)
    • Android Studio at /Applications/Android Studio.app/Contents
    • Flutter plugin version 37.0.1
    • Dart plugin version 183.6270
    • Java version OpenJDK Runtime Environment (build 1.8.0_152-release-1343-b01)

[✓] Connected device (3 available)
    • iPhone 8 • 84613B4C-A51F-49E7-BAD5-99876396CA9E • ios            • com.apple.CoreSimulator.SimRuntime.iOS-12-2 (simulator)
    • macOS    • macOS                                • darwin-x64     • Mac OS X 10.14.5 18F132
    • Chrome   • chrome                               • web-javascript • unknown (unsupported)

! Doctor found issues in 2 categories.
```
